2023-02-02 10:11:15,866 [PID 19307] INFO No binary specified, looking for `pyre.bin` in PATH
2023-02-02 10:11:15,866 [PID 19307] INFO Could not determine the number of Pyre workers from configuration. Auto-set the value to 3.
2023-02-02 10:11:15,870 [PID 19307] INFO No typeshed specified, looking for it...
2023-02-02 10:11:15,870 [PID 19307] INFO Found: `/home/henry.moss/Documents/python_dev/botorch/lib/pyre_check/typeshed`
2023-02-02 10:11:15,871 [PID 19307] INFO Writing arguments into /tmp/pyre_arguments_qfxyt5fq.json...
2023-02-02 10:11:15,871 [PID 19307] DEBUG Arguments:
{
  "source_paths": {
    "kind": "simple",
    "paths": [
      "/home/henry.moss/Documents/python_dev/botorch/botorch"
    ]
  },
  "search_paths": [
    "/home/henry.moss/Documents/python_dev/botorch/lib/python3.9/site-packages$libcst",
    "/home/henry.moss/Documents/python_dev/botorch/lib/python3.9/site-packages$click",
    "/home/henry.moss/Documents/python_dev/botorch/lib/python3.9/site-packages$idna",
    "/home/henry.moss/Documents/python_dev/botorch/lib/python3.9/site-packages$trailrunner",
    "/home/henry.moss/Documents/python_dev/botorch/lib/python3.9/site-packages$tomli",
    "/home/henry.moss/Documents/python_dev/botorch/lib/python3.9/site-packages$moreorless",
    "/home/henry.moss/Documents/python_dev/botorch/lib/python3.9/site-packages$tomlkit",
    "/home/henry.moss/Documents/python_dev/botorch/lib/python3.9/site-packages$pathspec",
    "/home/henry.moss/Documents/python_dev/botorch/lib/python3.9/site-packages$testslide",
    "/home/henry.moss/Documents/python_dev/botorch/lib/python3.9/site-packages$platformdirs",
    "/home/henry.moss/Documents/python_dev/botorch/lib/python3.9/site-packages$charset_normalizer",
    "/home/henry.moss/Documents/python_dev/botorch/lib/python3.9/site-packages$packaging",
    "/home/henry.moss/Documents/python_dev/botorch/lib/python3.9/site-packages$pytest",
    "/home/henry.moss/Documents/python_dev/botorch/lib/python3.9/site-packages$asttokens",
    "/home/henry.moss/Documents/python_dev/botorch/lib/python3.9/site-packages$typeguard",
    "/home/henry.moss/Documents/python_dev/botorch/lib/python3.9/site-packages$ufmt",
    "/home/henry.moss/Documents/python_dev/botorch/lib/python3.9/site-packages$prompt_toolkit",
    "/home/henry.moss/Documents/python_dev/botorch/lib/python3.9/site-packages$pure_eval",
    "/home/henry.moss/Documents/python_dev/botorch/lib/python3.9/site-packages$exceptiongroup",
    "/home/henry.moss/Documents/python_dev/botorch/lib/python3.9/site-packages$stdlibs",
    "/home/henry.moss/Documents/python_dev/botorch/lib/python3.9/site-packages$dataclasses_json",
    "/home/henry.moss/Documents/python_dev/botorch/lib/python3.9/site-packages$jinja2",
    "/home/henry.moss/Documents/python_dev/botorch/lib/python3.9/site-packages$marshmallow",
    "/home/henry.moss/Documents/python_dev/botorch/lib/python3.9/site-packages$attr",
    "/home/henry.moss/Documents/python_dev/botorch/lib/python3.9/site-packages$IPython",
    "/home/henry.moss/Documents/python_dev/botorch/lib/python3.9/site-packages$torch",
    "/home/henry.moss/Documents/python_dev/botorch/lib/python3.9/site-packages$_pytest",
    "/home/henry.moss/Documents/python_dev/botorch/lib/python3.9/site-packages$parso",
    "/home/henry.moss/Documents/python_dev/botorch/lib/python3.9/site-packages$attrs",
    "/home/henry.moss/Documents/python_dev/botorch/lib/python3.9/site-packages$certifi",
    "/home/henry.moss/Documents/python_dev/botorch/lib/python3.9/site-packages$markupsafe",
    "/home/henry.moss/Documents/python_dev/botorch/lib/python3.9/site-packages$numpy",
    "/home/henry.moss/Documents/python_dev/botorch/lib/python3.9/site-packages$iniconfig",
    "/home/henry.moss/Documents/python_dev/botorch/lib/python3.9/site-packages$black",
    "/home/henry.moss/Documents/python_dev/botorch/lib/python3.9/site-packages$stack_data",
    "/home/henry.moss/Documents/python_dev/botorch/lib/python3.9/site-packages$executing",
    "/home/henry.moss/Documents/python_dev/botorch/lib/python3.9/site-packages$traitlets",
    "/home/henry.moss/Documents/python_dev/botorch/lib/python3.9/site-packages$importlib_metadata",
    "/home/henry.moss/Documents/python_dev/botorch/lib/python3.9/site-packages$pip",
    "/home/henry.moss/Documents/python_dev/botorch/lib/python3.9/site-packages$sphinx",
    "/home/henry.moss/Documents/python_dev/botorch/lib/pyre_check/typeshed/stdlib",
    "/home/henry.moss/Documents/python_dev/botorch/lib/pyre_check/typeshed/stubs/DateTimeRange",
    "/home/henry.moss/Documents/python_dev/botorch/lib/pyre_check/typeshed/stubs/Deprecated",
    "/home/henry.moss/Documents/python_dev/botorch/lib/pyre_check/typeshed/stubs/Flask-Cors",
    "/home/henry.moss/Documents/python_dev/botorch/lib/pyre_check/typeshed/stubs/Flask-SQLAlchemy",
    "/home/henry.moss/Documents/python_dev/botorch/lib/pyre_check/typeshed/stubs/JACK-Client",
    "/home/henry.moss/Documents/python_dev/botorch/lib/pyre_check/typeshed/stubs/Markdown",
    "/home/henry.moss/Documents/python_dev/botorch/lib/pyre_check/typeshed/stubs/Pillow",
    "/home/henry.moss/Documents/python_dev/botorch/lib/pyre_check/typeshed/stubs/PyMySQL",
    "/home/henry.moss/Documents/python_dev/botorch/lib/pyre_check/typeshed/stubs/PyYAML",
    "/home/henry.moss/Documents/python_dev/botorch/lib/pyre_check/typeshed/stubs/Pygments",
    "/home/henry.moss/Documents/python_dev/botorch/lib/pyre_check/typeshed/stubs/SQLAlchemy",
    "/home/henry.moss/Documents/python_dev/botorch/lib/pyre_check/typeshed/stubs/Send2Trash",
    "/home/henry.moss/Documents/python_dev/botorch/lib/pyre_check/typeshed/stubs/aiofiles",
    "/home/henry.moss/Documents/python_dev/botorch/lib/pyre_check/typeshed/stubs/annoy",
    "/home/henry.moss/Documents/python_dev/botorch/lib/pyre_check/typeshed/stubs/appdirs",
    "/home/henry.moss/Documents/python_dev/botorch/lib/pyre_check/typeshed/stubs/atomicwrites",
    "/home/henry.moss/Documents/python_dev/botorch/lib/pyre_check/typeshed/stubs/aws-xray-sdk",
    "/home/henry.moss/Documents/python_dev/botorch/lib/pyre_check/typeshed/stubs/babel",
    "/home/henry.moss/Documents/python_dev/botorch/lib/pyre_check/typeshed/stubs/backports.ssl_match_hostname",
    "/home/henry.moss/Documents/python_dev/botorch/lib/pyre_check/typeshed/stubs/beautifulsoup4",
    "/home/henry.moss/Documents/python_dev/botorch/lib/pyre_check/typeshed/stubs/bleach",
    "/home/henry.moss/Documents/python_dev/botorch/lib/pyre_check/typeshed/stubs/boto",
    "/home/henry.moss/Documents/python_dev/botorch/lib/pyre_check/typeshed/stubs/braintree",
    "/home/henry.moss/Documents/python_dev/botorch/lib/pyre_check/typeshed/stubs/cachetools",
    "/home/henry.moss/Documents/python_dev/botorch/lib/pyre_check/typeshed/stubs/caldav",
    "/home/henry.moss/Documents/python_dev/botorch/lib/pyre_check/typeshed/stubs/certifi",
    "/home/henry.moss/Documents/python_dev/botorch/lib/pyre_check/typeshed/stubs/chardet",
    "/home/henry.moss/Documents/python_dev/botorch/lib/pyre_check/typeshed/stubs/chevron",
    "/home/henry.moss/Documents/python_dev/botorch/lib/pyre_check/typeshed/stubs/click-spinner",
    "/home/henry.moss/Documents/python_dev/botorch/lib/pyre_check/typeshed/stubs/colorama",
    "/home/henry.moss/Documents/python_dev/botorch/lib/pyre_check/typeshed/stubs/commonmark",
    "/home/henry.moss/Documents/python_dev/botorch/lib/pyre_check/typeshed/stubs/contextvars",
    "/home/henry.moss/Documents/python_dev/botorch/lib/pyre_check/typeshed/stubs/croniter",
    "/home/henry.moss/Documents/python_dev/botorch/lib/pyre_check/typeshed/stubs/cryptography",
    "/home/henry.moss/Documents/python_dev/botorch/lib/pyre_check/typeshed/stubs/dateparser",
    "/home/henry.moss/Documents/python_dev/botorch/lib/pyre_check/typeshed/stubs/decorator",
    "/home/henry.moss/Documents/python_dev/botorch/lib/pyre_check/typeshed/stubs/dj-database-url",
    "/home/henry.moss/Documents/python_dev/botorch/lib/pyre_check/typeshed/stubs/docopt",
    "/home/henry.moss/Documents/python_dev/botorch/lib/pyre_check/typeshed/stubs/docutils",
    "/home/henry.moss/Documents/python_dev/botorch/lib/pyre_check/typeshed/stubs/editdistance",
    "/home/henry.moss/Documents/python_dev/botorch/lib/pyre_check/typeshed/stubs/emoji",
    "/home/henry.moss/Documents/python_dev/botorch/lib/pyre_check/typeshed/stubs/entrypoints",
    "/home/henry.moss/Documents/python_dev/botorch/lib/pyre_check/typeshed/stubs/first",
    "/home/henry.moss/Documents/python_dev/botorch/lib/pyre_check/typeshed/stubs/flake8-2020",
    "/home/henry.moss/Documents/python_dev/botorch/lib/pyre_check/typeshed/stubs/flake8-bugbear",
    "/home/henry.moss/Documents/python_dev/botorch/lib/pyre_check/typeshed/stubs/flake8-builtins",
    "/home/henry.moss/Documents/python_dev/botorch/lib/pyre_check/typeshed/stubs/flake8-docstrings",
    "/home/henry.moss/Documents/python_dev/botorch/lib/pyre_check/typeshed/stubs/flake8-plugin-utils",
    "/home/henry.moss/Documents/python_dev/botorch/lib/pyre_check/typeshed/stubs/flake8-rst-docstrings",
    "/home/henry.moss/Documents/python_dev/botorch/lib/pyre_check/typeshed/stubs/flake8-simplify",
    "/home/henry.moss/Documents/python_dev/botorch/lib/pyre_check/typeshed/stubs/flake8-typing-imports",
    "/home/henry.moss/Documents/python_dev/botorch/lib/pyre_check/typeshed/stubs/fpdf2",
    "/home/henry.moss/Documents/python_dev/botorch/lib/pyre_check/typeshed/stubs/freezegun",
    "/home/henry.moss/Documents/python_dev/botorch/lib/pyre_check/typeshed/stubs/gdb",
    "/home/henry.moss/Documents/python_dev/botorch/lib/pyre_check/typeshed/stubs/google-cloud-ndb",
    "/home/henry.moss/Documents/python_dev/botorch/lib/pyre_check/typeshed/stubs/hdbcli",
    "/home/henry.moss/Documents/python_dev/botorch/lib/pyre_check/typeshed/stubs/html5lib",
    "/home/henry.moss/Documents/python_dev/botorch/lib/pyre_check/typeshed/stubs/httplib2",
    "/home/henry.moss/Documents/python_dev/botorch/lib/pyre_check/typeshed/stubs/humanfriendly",
    "/home/henry.moss/Documents/python_dev/botorch/lib/pyre_check/typeshed/stubs/invoke",
    "/home/henry.moss/Documents/python_dev/botorch/lib/pyre_check/typeshed/stubs/jmespath",
    "/home/henry.moss/Documents/python_dev/botorch/lib/pyre_check/typeshed/stubs/jsonschema",
    "/home/henry.moss/Documents/python_dev/botorch/lib/pyre_check/typeshed/stubs/ldap3",
    "/home/henry.moss/Documents/python_dev/botorch/lib/pyre_check/typeshed/stubs/mock",
    "/home/henry.moss/Documents/python_dev/botorch/lib/pyre_check/typeshed/stubs/mypy-extensions",
    "/home/henry.moss/Documents/python_dev/botorch/lib/pyre_check/typeshed/stubs/mysqlclient",
    "/home/henry.moss/Documents/python_dev/botorch/lib/pyre_check/typeshed/stubs/oauthlib",
    "/home/henry.moss/Documents/python_dev/botorch/lib/pyre_check/typeshed/stubs/openpyxl",
    "/home/henry.moss/Documents/python_dev/botorch/lib/pyre_check/typeshed/stubs/opentracing",
    "/home/henry.moss/Documents/python_dev/botorch/lib/pyre_check/typeshed/stubs/paramiko",
    "/home/henry.moss/Documents/python_dev/botorch/lib/pyre_check/typeshed/stubs/parsimonious",
    "/home/henry.moss/Documents/python_dev/botorch/lib/pyre_check/typeshed/stubs/passlib",
    "/home/henry.moss/Documents/python_dev/botorch/lib/pyre_check/typeshed/stubs/passpy",
    "/home/henry.moss/Documents/python_dev/botorch/lib/pyre_check/typeshed/stubs/pep8-naming",
    "/home/henry.moss/Documents/python_dev/botorch/lib/pyre_check/typeshed/stubs/playsound",
    "/home/henry.moss/Documents/python_dev/botorch/lib/pyre_check/typeshed/stubs/polib",
    "/home/henry.moss/Documents/python_dev/botorch/lib/pyre_check/typeshed/stubs/prettytable",
    "/home/henry.moss/Documents/python_dev/botorch/lib/pyre_check/typeshed/stubs/protobuf",
    "/home/henry.moss/Documents/python_dev/botorch/lib/pyre_check/typeshed/stubs/psutil",
    "/home/henry.moss/Documents/python_dev/botorch/lib/pyre_check/typeshed/stubs/psycopg2",
    "/home/henry.moss/Documents/python_dev/botorch/lib/pyre_check/typeshed/stubs/pyOpenSSL",
    "/home/henry.moss/Documents/python_dev/botorch/lib/pyre_check/typeshed/stubs/pyRFC3339",
    "/home/henry.moss/Documents/python_dev/botorch/lib/pyre_check/typeshed/stubs/pyaudio",
    "/home/henry.moss/Documents/python_dev/botorch/lib/pyre_check/typeshed/stubs/pycurl",
    "/home/henry.moss/Documents/python_dev/botorch/lib/pyre_check/typeshed/stubs/pyfarmhash",
    "/home/henry.moss/Documents/python_dev/botorch/lib/pyre_check/typeshed/stubs/pyflakes",
    "/home/henry.moss/Documents/python_dev/botorch/lib/pyre_check/typeshed/stubs/pynput",
    "/home/henry.moss/Documents/python_dev/botorch/lib/pyre_check/typeshed/stubs/pysftp",
    "/home/henry.moss/Documents/python_dev/botorch/lib/pyre_check/typeshed/stubs/pytest-lazy-fixture",
    "/home/henry.moss/Documents/python_dev/botorch/lib/pyre_check/typeshed/stubs/python-dateutil",
    "/home/henry.moss/Documents/python_dev/botorch/lib/pyre_check/typeshed/stubs/python-gflags",
    "/home/henry.moss/Documents/python_dev/botorch/lib/pyre_check/typeshed/stubs/python-jose",
    "/home/henry.moss/Documents/python_dev/botorch/lib/pyre_check/typeshed/stubs/python-nmap",
    "/home/henry.moss/Documents/python_dev/botorch/lib/pyre_check/typeshed/stubs/python-slugify",
    "/home/henry.moss/Documents/python_dev/botorch/lib/pyre_check/typeshed/stubs/pytz",
    "/home/henry.moss/Documents/python_dev/botorch/lib/pyre_check/typeshed/stubs/pyvmomi",
    "/home/henry.moss/Documents/python_dev/botorch/lib/pyre_check/typeshed/stubs/redis",
    "/home/henry.moss/Documents/python_dev/botorch/lib/pyre_check/typeshed/stubs/regex",
    "/home/henry.moss/Documents/python_dev/botorch/lib/pyre_check/typeshed/stubs/requests",
    "/home/henry.moss/Documents/python_dev/botorch/lib/pyre_check/typeshed/stubs/retry",
    "/home/henry.moss/Documents/python_dev/botorch/lib/pyre_check/typeshed/stubs/selenium",
    "/home/henry.moss/Documents/python_dev/botorch/lib/pyre_check/typeshed/stubs/setuptools",
    "/home/henry.moss/Documents/python_dev/botorch/lib/pyre_check/typeshed/stubs/simplejson",
    "/home/henry.moss/Documents/python_dev/botorch/lib/pyre_check/typeshed/stubs/singledispatch",
    "/home/henry.moss/Documents/python_dev/botorch/lib/pyre_check/typeshed/stubs/six",
    "/home/henry.moss/Documents/python_dev/botorch/lib/pyre_check/typeshed/stubs/slumber",
    "/home/henry.moss/Documents/python_dev/botorch/lib/pyre_check/typeshed/stubs/stdlib-list",
    "/home/henry.moss/Documents/python_dev/botorch/lib/pyre_check/typeshed/stubs/stripe",
    "/home/henry.moss/Documents/python_dev/botorch/lib/pyre_check/typeshed/stubs/tabulate",
    "/home/henry.moss/Documents/python_dev/botorch/lib/pyre_check/typeshed/stubs/termcolor",
    "/home/henry.moss/Documents/python_dev/botorch/lib/pyre_check/typeshed/stubs/toml",
    "/home/henry.moss/Documents/python_dev/botorch/lib/pyre_check/typeshed/stubs/toposort",
    "/home/henry.moss/Documents/python_dev/botorch/lib/pyre_check/typeshed/stubs/tqdm",
    "/home/henry.moss/Documents/python_dev/botorch/lib/pyre_check/typeshed/stubs/ttkthemes",
    "/home/henry.moss/Documents/python_dev/botorch/lib/pyre_check/typeshed/stubs/typed-ast",
    "/home/henry.moss/Documents/python_dev/botorch/lib/pyre_check/typeshed/stubs/tzlocal",
    "/home/henry.moss/Documents/python_dev/botorch/lib/pyre_check/typeshed/stubs/ujson",
    "/home/henry.moss/Documents/python_dev/botorch/lib/pyre_check/typeshed/stubs/urllib3",
    "/home/henry.moss/Documents/python_dev/botorch/lib/pyre_check/typeshed/stubs/vobject",
    "/home/henry.moss/Documents/python_dev/botorch/lib/pyre_check/typeshed/stubs/waitress",
    "/home/henry.moss/Documents/python_dev/botorch/lib/pyre_check/typeshed/stubs/whatthepatch",
    "/home/henry.moss/Documents/python_dev/botorch/lib/pyre_check/typeshed/stubs/xmltodict",
    "/home/henry.moss/Documents/python_dev/botorch/lib/pyre_check/typeshed/stubs/xxhash",
    "/home/henry.moss/Documents/python_dev/botorch/lib/pyre_check/typeshed/stubs/zxcvbn"
  ],
  "excludes": [],
  "checked_directory_allowlist": [
    "/home/henry.moss/Documents/python_dev/botorch/botorch"
  ],
  "checked_directory_blocklist": [],
  "extensions": [],
  "log_path": "/home/henry.moss/Documents/python_dev/botorch/botorch/.pyre",
  "global_root": "/home/henry.moss/Documents/python_dev/botorch/botorch",
  "debug": false,
  "python_version": {
    "major": 3,
    "minor": 9,
    "micro": 16
  },
  "shared_memory": {},
  "parallel": true,
  "number_of_workers": 3,
  "additional_logging_sections": [],
  "show_error_traces": false,
  "strict": false
}
2023-02-02 10:11:15,942 [PID 19307] DEBUG /home/henry.moss/Documents/python_dev/botorch/bin/pyre.bin: /lib/x86_64-linux-gnu/libc.so.6: version `GLIBC_2.28' not found (required by /home/henry.moss/Documents/python_dev/botorch/bin/pyre.bin)
2023-02-02 10:11:15,943 [PID 19307] ERROR Check command exited with non-zero return code: 1.
